2020-03-28 18:10:04 | [INFO]    | Discordia 2.6.0
2020-03-28 18:10:04 | [INFO]    | Connecting to Discord...
2020-03-28 18:10:09 | [INFO]    | Authenticated as S.U.L.I#1602
2020-03-28 18:10:10 | [INFO]    | Launching shard 0 (1 out of 1)...
2020-03-28 18:10:10 | [INFO]    | Shard 0 : Connected to wss://gateway.discord.gg
2020-03-28 18:10:10 | [INFO]    | Shard 0 : Received HELLO (["gateway-prd-main-fd19",{"micros":0.0}])
2020-03-28 18:10:10 | [INFO]    | Shard 0 : Received READY (["gateway-prd-main-fd19",{"micros":59624,"calls":["discord-sessions-prd-1-80",{"micros":56636,"calls":["start_session",{"micros":53485,"calls":["api-prd-main-jhxm",{"micros":49592,"calls":["get_user",{"micros":7377},"add_authorized_ip",{"micros":8202},"get_guilds",{"micros":1796},"coros_wait",{"micros":2}]}]},"guilds_connect",{"micros":2,"calls":[]},"presence_connect",{"micros":2,"calls":[]}]}]}])
2020-03-28 18:30:55 | [INFO]    | Discordia 2.6.0
2020-03-28 18:30:55 | [INFO]    | Connecting to Discord...
2020-03-28 18:30:56 | [INFO]    | Authenticated as S.U.L.I#1602
2020-03-28 18:30:56 | [INFO]    | Launching shard 0 (1 out of 1)...
2020-03-28 18:30:56 | [INFO]    | Shard 0 : Connected to wss://gateway.discord.gg
2020-03-28 18:30:56 | [INFO]    | Shard 0 : Received HELLO (["gateway-prd-main-5glt",{"micros":0.0}])
2020-03-28 18:30:56 | [INFO]    | Shard 0 : Received READY (["gateway-prd-main-5glt",{"micros":43928,"calls":["discord-sessions-prd-1-50",{"micros":42419,"calls":["start_session",{"micros":38099,"calls":["api-prd-main-bg6n",{"micros":32163,"calls":["get_user",{"micros":3659},"add_authorized_ip",{"micros":1939},"get_guilds",{"micros":2055},"coros_wait",{"micros":2}]}]},"guilds_connect",{"micros":2,"calls":[]},"presence_connect",{"micros":1,"calls":[]}]}]}])
2020-03-28 18:31:11 | [INFO]    | Discordia 2.6.0
2020-03-28 18:31:11 | [INFO]    | Connecting to Discord...
2020-03-28 18:31:11 | [INFO]    | Authenticated as S.U.L.I#1602
2020-03-28 18:31:11 | [INFO]    | Launching shard 0 (1 out of 1)...
2020-03-28 18:31:12 | [INFO]    | Shard 0 : Connected to wss://gateway.discord.gg
2020-03-28 18:31:12 | [INFO]    | Shard 0 : Received HELLO (["gateway-prd-main-pj50",{"micros":0.0}])
2020-03-28 18:31:12 | [INFO]    | Shard 0 : Received READY (["gateway-prd-main-pj50",{"micros":46714,"calls":["discord-sessions-prd-1-54",{"micros":44629,"calls":["start_session",{"micros":40572,"calls":["api-prd-main-r567",{"micros":37360,"calls":["get_user",{"micros":3020},"add_authorized_ip",{"micros":1630},"get_guilds",{"micros":1987},"coros_wait",{"micros":1}]}]},"guilds_connect",{"micros":2,"calls":[]},"presence_connect",{"micros":1,"calls":[]}]}]}])
2020-03-28 18:31:37 | [INFO]    | Discordia 2.6.0
2020-03-28 18:31:37 | [INFO]    | Connecting to Discord...
2020-03-28 18:31:37 | [INFO]    | Authenticated as S.U.L.I#1602
2020-03-28 18:31:37 | [INFO]    | Launching shard 0 (1 out of 1)...
2020-03-28 18:31:37 | [INFO]    | Shard 0 : Connected to wss://gateway.discord.gg
2020-03-28 18:31:37 | [INFO]    | Shard 0 : Received HELLO (["gateway-prd-main-8g38",{"micros":0.0}])
2020-03-28 18:31:38 | [INFO]    | Shard 0 : Received READY (["gateway-prd-main-8g38",{"micros":163497,"calls":["discord-sessions-prd-1-7",{"micros":154849,"calls":["start_session",{"micros":152515,"calls":["api-prd-main-d17p",{"micros":148625,"calls":["get_user",{"micros":19877},"add_authorized_ip",{"micros":29034},"get_guilds",{"micros":12609},"coros_wait",{"micros":2}]}]},"guilds_connect",{"micros":7,"calls":[]},"presence_connect",{"micros":643,"calls":[]}]}]}])
2020-03-28 18:31:45 | [INFO]    | Discordia 2.6.0
2020-03-28 18:31:45 | [INFO]    | Connecting to Discord...
2020-03-28 18:31:46 | [INFO]    | Authenticated as S.U.L.I#1602
2020-03-28 18:31:46 | [INFO]    | Launching shard 0 (1 out of 1)...
2020-03-28 18:31:46 | [INFO]    | Shard 0 : Connected to wss://gateway.discord.gg
2020-03-28 18:31:46 | [INFO]    | Shard 0 : Received HELLO (["gateway-prd-main-kplm",{"micros":0.0}])
2020-03-28 18:31:46 | [INFO]    | Shard 0 : Received READY (["gateway-prd-main-kplm",{"micros":56754,"calls":["discord-sessions-prd-1-40",{"micros":52008,"calls":["start_session",{"micros":43590,"calls":["api-prd-main-9msv",{"micros":38742,"calls":["get_user",{"micros":3738},"add_authorized_ip",{"micros":4691},"get_guilds",{"micros":2191},"coros_wait",{"micros":2}]}]},"guilds_connect",{"micros":2,"calls":[]},"presence_connect",{"micros":1,"calls":[]}]}]}])
2020-03-28 18:32:28 | [INFO]    | Discordia 2.6.0
2020-03-28 18:32:28 | [INFO]    | Connecting to Discord...
2020-03-28 18:32:29 | [INFO]    | Authenticated as S.U.L.I#1602
2020-03-28 18:32:29 | [INFO]    | Launching shard 0 (1 out of 1)...
2020-03-28 18:32:29 | [INFO]    | Shard 0 : Connected to wss://gateway.discord.gg
2020-03-28 18:32:29 | [INFO]    | Shard 0 : Received HELLO (["gateway-prd-main-shrn",{"micros":0.0}])
2020-03-28 18:32:29 | [INFO]    | Shard 0 : Received READY (["gateway-prd-main-shrn",{"micros":100013,"calls":["discord-sessions-prd-1-9",{"micros":94729,"calls":["start_session",{"micros":92378,"calls":["api-prd-main-c9ts",{"micros":83660,"calls":["get_user",{"micros":17355},"add_authorized_ip",{"micros":4747},"get_guilds",{"micros":6556},"coros_wait",{"micros":2}]}]},"guilds_connect",{"micros":1,"calls":[]},"presence_connect",{"micros":1,"calls":[]}]}]}])
2020-03-28 18:34:44 | [INFO]    | Discordia 2.6.0
2020-03-28 18:34:44 | [INFO]    | Connecting to Discord...
2020-03-28 18:34:45 | [INFO]    | Authenticated as S.U.L.I#1602
2020-03-28 18:34:45 | [INFO]    | Launching shard 0 (1 out of 1)...
2020-03-28 18:34:45 | [INFO]    | Shard 0 : Connected to wss://gateway.discord.gg
2020-03-28 18:34:45 | [INFO]    | Shard 0 : Received HELLO (["gateway-prd-main-5dqq",{"micros":0.0}])
2020-03-28 18:34:46 | [INFO]    | Shard 0 : Received READY (["gateway-prd-main-5dqq",{"micros":55722,"calls":["discord-sessions-prd-1-79",{"micros":52133,"calls":["start_session",{"micros":50054,"calls":["api-prd-main-dx0z",{"micros":46288,"calls":["get_user",{"micros":3665},"add_authorized_ip",{"micros":2017},"get_guilds",{"micros":2149},"coros_wait",{"micros":2}]}]},"guilds_connect",{"micros":2,"calls":[]},"presence_connect",{"micros":1,"calls":[]}]}]}])
2020-03-28 18:35:44 | [INFO]    | Discordia 2.6.0
2020-03-28 18:35:44 | [INFO]    | Connecting to Discord...
2020-03-28 18:35:45 | [INFO]    | Authenticated as S.U.L.I#1602
2020-03-28 18:35:45 | [INFO]    | Launching shard 0 (1 out of 1)...
2020-03-28 18:35:45 | [INFO]    | Shard 0 : Connected to wss://gateway.discord.gg
2020-03-28 18:35:45 | [INFO]    | Shard 0 : Received HELLO (["gateway-prd-main-hs6z",{"micros":0.0}])
2020-03-28 18:35:45 | [INFO]    | Shard 0 : Received READY (["gateway-prd-main-hs6z",{"micros":131599,"calls":["discord-sessions-prd-1-60",{"micros":126231,"calls":["start_session",{"micros":125383,"calls":["api-prd-main-xd3j",{"micros":117320,"calls":["get_user",{"micros":19567},"add_authorized_ip",{"micros":9306},"get_guilds",{"micros":5383},"coros_wait",{"micros":2}]}]},"guilds_connect",{"micros":2,"calls":[]},"presence_connect",{"micros":2,"calls":[]}]}]}])
2020-03-28 18:37:18 | [INFO]    | Discordia 2.6.0
2020-03-28 18:37:19 | [INFO]    | Connecting to Discord...
2020-03-28 18:37:19 | [INFO]    | Authenticated as S.U.L.I#1602
2020-03-28 18:37:19 | [INFO]    | Launching shard 0 (1 out of 1)...
2020-03-28 18:37:19 | [INFO]    | Shard 0 : Connected to wss://gateway.discord.gg
2020-03-28 18:37:19 | [INFO]    | Shard 0 : Received HELLO (["gateway-prd-main-d8mp",{"micros":0.0}])
2020-03-28 18:37:19 | [INFO]    | Shard 0 : Received READY (["gateway-prd-main-d8mp",{"micros":56764,"calls":["discord-sessions-prd-1-26",{"micros":49948,"calls":["start_session",{"micros":42429,"calls":["api-prd-main-4f28",{"micros":37978,"calls":["get_user",{"micros":3730},"add_authorized_ip",{"micros":1970},"get_guilds",{"micros":3638},"coros_wait",{"micros":13}]}]},"guilds_connect",{"micros":42,"calls":[]},"presence_connect",{"micros":4447,"calls":[]}]}]}])
2020-03-28 18:37:49 | [INFO]    | Discordia 2.6.0
2020-03-28 18:37:49 | [INFO]    | Connecting to Discord...
2020-03-28 18:37:49 | [INFO]    | Authenticated as S.U.L.I#1602
2020-03-28 18:37:49 | [INFO]    | Launching shard 0 (1 out of 1)...
2020-03-28 18:37:49 | [INFO]    | Shard 0 : Connected to wss://gateway.discord.gg
2020-03-28 18:37:49 | [INFO]    | Shard 0 : Received HELLO (["gateway-prd-main-jnl6",{"micros":0.0}])
2020-03-28 18:37:49 | [INFO]    | Shard 0 : Received READY (["gateway-prd-main-jnl6",{"micros":68306,"calls":["discord-sessions-prd-1-67",{"micros":65326,"calls":["start_session",{"micros":59145,"calls":["api-prd-main-l85n",{"micros":54767,"calls":["get_user",{"micros":3981},"add_authorized_ip",{"micros":1534},"get_guilds",{"micros":8055},"coros_wait",{"micros":1}]}]},"guilds_connect",{"micros":35,"calls":[]},"presence_connect",{"micros":2862,"calls":[]}]}]}])
2020-03-28 18:38:37 | [INFO]    | Discordia 2.6.0
2020-03-28 18:38:37 | [INFO]    | Connecting to Discord...
2020-03-28 18:38:37 | [INFO]    | Authenticated as S.U.L.I#1602
2020-03-28 18:38:37 | [INFO]    | Launching shard 0 (1 out of 1)...
2020-03-28 18:38:38 | [INFO]    | Shard 0 : Connected to wss://gateway.discord.gg
2020-03-28 18:38:38 | [INFO]    | Shard 0 : Received HELLO (["gateway-prd-main-m1xq",{"micros":0.0}])
2020-03-28 18:38:38 | [INFO]    | Shard 0 : Received READY (["gateway-prd-main-m1xq",{"micros":59882,"calls":["discord-sessions-prd-1-57",{"micros":55202,"calls":["start_session",{"micros":47768,"calls":["api-prd-main-j3ss",{"micros":44288,"calls":["get_user",{"micros":4415},"add_authorized_ip",{"micros":2570},"get_guilds",{"micros":3070},"coros_wait",{"micros":1}]}]},"guilds_connect",{"micros":1,"calls":[]},"presence_connect",{"micros":0,"calls":[]}]}]}])
2020-03-28 18:38:57 | [INFO]    | Discordia 2.6.0
2020-03-28 18:38:57 | [INFO]    | Connecting to Discord...
2020-03-28 18:38:58 | [INFO]    | Authenticated as S.U.L.I#1602
2020-03-28 18:38:58 | [INFO]    | Launching shard 0 (1 out of 1)...
2020-03-28 18:38:58 | [INFO]    | Shard 0 : Connected to wss://gateway.discord.gg
2020-03-28 18:38:58 | [INFO]    | Shard 0 : Received HELLO (["gateway-prd-main-1mb3",{"micros":0.0}])
2020-03-28 18:38:58 | [INFO]    | Shard 0 : Received READY (["gateway-prd-main-1mb3",{"micros":40158,"calls":["discord-sessions-prd-1-38",{"micros":38877,"calls":["start_session",{"micros":36186,"calls":["api-prd-main-29q0",{"micros":32930,"calls":["get_user",{"micros":2892},"add_authorized_ip",{"micros":1878},"get_guilds",{"micros":2783},"coros_wait",{"micros":2}]}]},"guilds_connect",{"micros":35,"calls":[]},"presence_connect",{"micros":1540,"calls":[]}]}]}])
2020-03-28 18:41:12 | [INFO]    | Discordia 2.6.0
2020-03-28 18:41:12 | [INFO]    | Connecting to Discord...
2020-03-28 18:41:12 | [INFO]    | Authenticated as S.U.L.I#1602
2020-03-28 18:41:12 | [INFO]    | Launching shard 0 (1 out of 1)...
2020-03-28 18:41:13 | [INFO]    | Shard 0 : Connected to wss://gateway.discord.gg
2020-03-28 18:41:13 | [INFO]    | Shard 0 : Received HELLO (["gateway-prd-main-jpvn",{"micros":0.0}])
2020-03-28 18:41:13 | [INFO]    | Shard 0 : Received READY (["gateway-prd-main-jpvn",{"micros":87719,"calls":["discord-sessions-prd-1-8",{"micros":85693,"calls":["start_session",{"micros":84026,"calls":["api-prd-main-bxcc",{"micros":78994,"calls":["get_user",{"micros":4643},"add_authorized_ip",{"micros":4753},"get_guilds",{"micros":5614},"coros_wait",{"micros":1}]}]},"guilds_connect",{"micros":54,"calls":[]},"presence_connect",{"micros":222,"calls":[]}]}]}])
2020-03-28 19:22:47 | [INFO]    | Discordia 2.6.0
2020-03-28 19:22:47 | [INFO]    | Connecting to Discord...
2020-03-28 19:22:48 | [INFO]    | Authenticated as S.U.L.I#1602
2020-03-28 19:22:48 | [INFO]    | Launching shard 0 (1 out of 1)...
2020-03-28 19:22:48 | [INFO]    | Shard 0 : Connected to wss://gateway.discord.gg
2020-03-28 19:22:48 | [INFO]    | Shard 0 : Received HELLO (["gateway-prd-main-k7ft",{"micros":0.0}])
2020-03-28 19:22:49 | [INFO]    | Shard 0 : Received READY (["gateway-prd-main-k7ft",{"micros":96406,"calls":["discord-sessions-prd-1-47",{"micros":92036,"calls":["start_session",{"micros":81928,"calls":["api-prd-main-klpj",{"micros":78751,"calls":["get_user",{"micros":9225},"add_authorized_ip",{"micros":2428},"get_guilds",{"micros":8751},"coros_wait",{"micros":2}]}]},"guilds_connect",{"micros":1,"calls":[]},"presence_connect",{"micros":1378,"calls":[]}]}]}])
2020-03-28 19:23:27 | [INFO]    | Discordia 2.6.0
2020-03-28 19:23:27 | [INFO]    | Connecting to Discord...
2020-03-28 19:23:27 | [INFO]    | Authenticated as S.U.L.I#1602
2020-03-28 19:23:27 | [INFO]    | Launching shard 0 (1 out of 1)...
2020-03-28 19:23:28 | [INFO]    | Shard 0 : Connected to wss://gateway.discord.gg
2020-03-28 19:23:28 | [INFO]    | Shard 0 : Received HELLO (["gateway-prd-main-fx95",{"micros":0.0}])
2020-03-28 19:23:28 | [INFO]    | Shard 0 : Received READY (["gateway-prd-main-fx95",{"micros":53997,"calls":["discord-sessions-prd-1-54",{"micros":52707,"calls":["start_session",{"micros":49737,"calls":["api-prd-main-1tcb",{"micros":44141,"calls":["get_user",{"micros":12280},"add_authorized_ip",{"micros":1914},"get_guilds",{"micros":3326},"coros_wait",{"micros":2}]}]},"guilds_connect",{"micros":2,"calls":[]},"presence_connect",{"micros":2,"calls":[]}]}]}])
2020-03-28 19:31:23 | [INFO]    | Discordia 2.6.0
2020-03-28 19:31:23 | [INFO]    | Connecting to Discord...
2020-03-28 19:31:24 | [INFO]    | Authenticated as S.U.L.I#1602
2020-03-28 19:31:24 | [INFO]    | Launching shard 0 (1 out of 1)...
2020-03-28 19:31:25 | [INFO]    | Shard 0 : Connected to wss://gateway.discord.gg
2020-03-28 19:31:25 | [INFO]    | Shard 0 : Received HELLO (["gateway-prd-main-h82k",{"micros":0.0}])
2020-03-28 19:31:25 | [INFO]    | Shard 0 : Received READY (["gateway-prd-main-h82k",{"micros":46150,"calls":["discord-sessions-prd-1-75",{"micros":37716,"calls":["start_session",{"micros":34716,"calls":["api-prd-main-bnf4",{"micros":30406,"calls":["get_user",{"micros":3522},"add_authorized_ip",{"micros":1857},"get_guilds",{"micros":1905},"coros_wait",{"micros":1}]}]},"guilds_connect",{"micros":2,"calls":[]},"presence_connect",{"micros":906,"calls":[]}]}]}])
2020-03-28 19:34:36 | [INFO]    | Discordia 2.6.0
2020-03-28 19:34:36 | [INFO]    | Connecting to Discord...
2020-03-28 19:34:36 | [INFO]    | Authenticated as S.U.L.I#1602
2020-03-28 19:34:36 | [INFO]    | Launching shard 0 (1 out of 1)...
2020-03-28 19:34:37 | [INFO]    | Shard 0 : Connected to wss://gateway.discord.gg
2020-03-28 19:34:37 | [INFO]    | Shard 0 : Received HELLO (["gateway-prd-main-7r6k",{"micros":0.0}])
2020-03-28 19:34:37 | [INFO]    | Shard 0 : Received READY (["gateway-prd-main-7r6k",{"micros":41122,"calls":["discord-sessions-prd-1-56",{"micros":39570,"calls":["start_session",{"micros":34397,"calls":["api-prd-main-f69f",{"micros":30616,"calls":["get_user",{"micros":3093},"add_authorized_ip",{"micros":1771},"get_guilds",{"micros":1664},"coros_wait",{"micros":1}]}]},"guilds_connect",{"micros":2,"calls":[]},"presence_connect",{"micros":1,"calls":[]}]}]}])
2020-03-28 19:37:29 | [INFO]    | Discordia 2.6.0
2020-03-28 19:37:29 | [INFO]    | Connecting to Discord...
2020-03-28 19:37:29 | [INFO]    | Authenticated as S.U.L.I#1602
2020-03-28 19:37:29 | [INFO]    | Launching shard 0 (1 out of 1)...
2020-03-28 19:37:30 | [INFO]    | Shard 0 : Connected to wss://gateway.discord.gg
2020-03-28 19:37:30 | [INFO]    | Shard 0 : Received HELLO (["gateway-prd-main-c76b",{"micros":0.0}])
2020-03-28 19:37:30 | [INFO]    | Shard 0 : Received READY (["gateway-prd-main-c76b",{"micros":65198,"calls":["discord-sessions-prd-1-52",{"micros":59603,"calls":["start_session",{"micros":49779,"calls":["api-prd-main-kh9g",{"micros":43900,"calls":["get_user",{"micros":2692},"add_authorized_ip",{"micros":3139},"get_guilds",{"micros":2955},"coros_wait",{"micros":1}]}]},"guilds_connect",{"micros":2,"calls":[]},"presence_connect",{"micros":1,"calls":[]}]}]}])
2020-03-28 19:43:43 | [INFO]    | Discordia 2.6.0
2020-03-28 19:43:43 | [INFO]    | Connecting to Discord...
2020-03-28 19:43:43 | [INFO]    | Authenticated as S.U.L.I#1602
2020-03-28 19:43:43 | [INFO]    | Launching shard 0 (1 out of 1)...
2020-03-28 19:43:43 | [INFO]    | Shard 0 : Connected to wss://gateway.discord.gg
2020-03-28 19:43:43 | [INFO]    | Shard 0 : Received HELLO (["gateway-prd-main-75h2",{"micros":0.0}])
2020-03-28 19:43:44 | [INFO]    | Shard 0 : Received READY (["gateway-prd-main-75h2",{"micros":48886,"calls":["discord-sessions-prd-1-10",{"micros":39883,"calls":["start_session",{"micros":37197,"calls":["api-prd-main-r6bc",{"micros":32606,"calls":["get_user",{"micros":3234},"add_authorized_ip",{"micros":1980},"get_guilds",{"micros":1852},"coros_wait",{"micros":2}]}]},"guilds_connect",{"micros":2,"calls":[]},"presence_connect",{"micros":1,"calls":[]}]}]}])
2020-03-28 19:46:00 | [INFO]    | Discordia 2.6.0
2020-03-28 19:46:00 | [INFO]    | Connecting to Discord...
2020-03-28 19:46:01 | [INFO]    | Authenticated as S.U.L.I#1602
2020-03-28 19:46:01 | [INFO]    | Launching shard 0 (1 out of 1)...
2020-03-28 19:46:01 | [INFO]    | Shard 0 : Connected to wss://gateway.discord.gg
2020-03-28 19:46:01 | [INFO]    | Shard 0 : Received HELLO (["gateway-prd-main-m1xq",{"micros":0.0}])
2020-03-28 19:46:02 | [INFO]    | Shard 0 : Received READY (["gateway-prd-main-m1xq",{"micros":84497,"calls":["discord-sessions-prd-1-60",{"micros":83170,"calls":["start_session",{"micros":78677,"calls":["api-prd-main-l9jc",{"micros":73049,"calls":["get_user",{"micros":6805},"add_authorized_ip",{"micros":1715},"get_guilds",{"micros":1579},"coros_wait",{"micros":2}]}]},"guilds_connect",{"micros":31,"calls":[]},"presence_connect",{"micros":569,"calls":[]}]}]}])
2020-03-28 20:21:35 | [INFO]    | Discordia 2.6.0
2020-03-28 20:21:35 | [INFO]    | Connecting to Discord...
2020-03-28 20:21:35 | [INFO]    | Authenticated as S.U.L.I#1602
2020-03-28 20:21:35 | [INFO]    | Launching shard 0 (1 out of 1)...
2020-03-28 20:21:36 | [INFO]    | Shard 0 : Connected to wss://gateway.discord.gg
2020-03-28 20:21:36 | [INFO]    | Shard 0 : Received HELLO (["gateway-prd-main-fqfb",{"micros":0.0}])
2020-03-28 20:21:36 | [INFO]    | Shard 0 : Received READY (["gateway-prd-main-fqfb",{"micros":135742,"calls":["discord-sessions-prd-1-77",{"micros":131167,"calls":["start_session",{"micros":58683,"calls":["api-prd-main-h5t1",{"micros":54727,"calls":["get_user",{"micros":4132},"add_authorized_ip",{"micros":2068},"get_guilds",{"micros":5228},"coros_wait",{"micros":2}]}]},"guilds_connect",{"micros":33,"calls":[]},"presence_connect",{"micros":70269,"calls":[]}]}]}])
2020-03-28 20:25:25 | [INFO]    | Discordia 2.6.0
2020-03-28 20:25:25 | [INFO]    | Connecting to Discord...
2020-03-28 20:25:26 | [INFO]    | Authenticated as S.U.L.I#1602
2020-03-28 20:25:27 | [INFO]    | Launching shard 0 (1 out of 1)...
2020-03-28 20:25:27 | [INFO]    | Shard 0 : Connected to wss://gateway.discord.gg
2020-03-28 20:25:27 | [INFO]    | Shard 0 : Received HELLO (["gateway-prd-main-mf0d",{"micros":0.0}])
2020-03-28 20:25:27 | [INFO]    | Shard 0 : Received READY (["gateway-prd-main-mf0d",{"micros":73867,"calls":["discord-sessions-prd-1-56",{"micros":72272,"calls":["start_session",{"micros":70978,"calls":["api-prd-main-r7mq",{"micros":65931,"calls":["get_user",{"micros":9712},"add_authorized_ip",{"micros":3377},"get_guilds",{"micros":3085},"coros_wait",{"micros":1}]}]},"guilds_connect",{"micros":3,"calls":[]},"presence_connect",{"micros":212,"calls":[]}]}]}])
2020-03-28 20:27:47 | [INFO]    | Discordia 2.6.0
2020-03-28 20:27:47 | [INFO]    | Connecting to Discord...
2020-03-28 20:27:48 | [INFO]    | Authenticated as S.U.L.I#1602
2020-03-28 20:27:48 | [INFO]    | Launching shard 0 (1 out of 1)...
2020-03-28 20:27:48 | [INFO]    | Shard 0 : Connected to wss://gateway.discord.gg
2020-03-28 20:27:48 | [INFO]    | Shard 0 : Received HELLO (["gateway-prd-main-70sw",{"micros":0.0}])
2020-03-28 20:27:48 | [INFO]    | Shard 0 : Received READY (["gateway-prd-main-70sw",{"micros":69837,"calls":["discord-sessions-prd-1-37",{"micros":65381,"calls":["start_session",{"micros":64321,"calls":["api-prd-main-tpjg",{"micros":58765,"calls":["get_user",{"micros":5279},"add_authorized_ip",{"micros":3874},"get_guilds",{"micros":3845},"coros_wait",{"micros":1}]}]},"guilds_connect",{"micros":35,"calls":[]},"presence_connect",{"micros":4,"calls":[]}]}]}])
2020-03-28 20:30:28 | [INFO]    | Discordia 2.6.0
2020-03-28 20:30:28 | [INFO]    | Connecting to Discord...
2020-03-28 20:30:28 | [INFO]    | Authenticated as S.U.L.I#1602
2020-03-28 20:30:28 | [INFO]    | Launching shard 0 (1 out of 1)...
2020-03-28 20:30:29 | [INFO]    | Shard 0 : Connected to wss://gateway.discord.gg
2020-03-28 20:30:29 | [INFO]    | Shard 0 : Received HELLO (["gateway-prd-main-5tl0",{"micros":0.0}])
2020-03-28 20:30:29 | [INFO]    | Shard 0 : Received READY (["gateway-prd-main-5tl0",{"micros":42979,"calls":["discord-sessions-prd-1-38",{"micros":40152,"calls":["start_session",{"micros":35592,"calls":["api-prd-main-2h7f",{"micros":31725,"calls":["get_user",{"micros":3407},"add_authorized_ip",{"micros":2061},"get_guilds",{"micros":2108},"coros_wait",{"micros":2}]}]},"guilds_connect",{"micros":2,"calls":[]},"presence_connect",{"micros":1,"calls":[]}]}]}])
2020-03-28 20:30:46 | [INFO]    | Discordia 2.6.0
2020-03-28 20:30:46 | [INFO]    | Connecting to Discord...
2020-03-28 20:30:47 | [INFO]    | Authenticated as S.U.L.I#1602
2020-03-28 20:30:47 | [INFO]    | Launching shard 0 (1 out of 1)...
2020-03-28 20:30:47 | [INFO]    | Shard 0 : Connected to wss://gateway.discord.gg
2020-03-28 20:30:47 | [INFO]    | Shard 0 : Received HELLO (["gateway-prd-main-8d77",{"micros":0.0}])
2020-03-28 20:30:47 | [INFO]    | Shard 0 : Received READY (["gateway-prd-main-8d77",{"micros":103945,"calls":["discord-sessions-prd-1-39",{"micros":102539,"calls":["start_session",{"micros":100349,"calls":["api-prd-main-c9vk",{"micros":72128,"calls":["get_user",{"micros":19604},"add_authorized_ip",{"micros":2855},"get_guilds",{"micros":3090},"coros_wait",{"micros":2}]}]},"guilds_connect",{"micros":2,"calls":[]},"presence_connect",{"micros":1220,"calls":[]}]}]}])
2020-03-28 20:32:41 | [INFO]    | Discordia 2.6.0
2020-03-28 20:32:41 | [INFO]    | Connecting to Discord...
2020-03-28 20:32:41 | [INFO]    | Authenticated as S.U.L.I#1602
2020-03-28 20:32:41 | [INFO]    | Launching shard 0 (1 out of 1)...
2020-03-28 20:32:42 | [INFO]    | Shard 0 : Connected to wss://gateway.discord.gg
2020-03-28 20:32:42 | [INFO]    | Shard 0 : Received HELLO (["gateway-prd-main-57bz",{"micros":0.0}])
2020-03-28 20:32:42 | [INFO]    | Shard 0 : Received READY (["gateway-prd-main-57bz",{"micros":105088,"calls":["discord-sessions-prd-1-72",{"micros":102013,"calls":["start_session",{"micros":96340,"calls":["api-prd-main-jcd6",{"micros":90473,"calls":["get_user",{"micros":9340},"add_authorized_ip",{"micros":5440},"get_guilds",{"micros":6177},"coros_wait",{"micros":2}]}]},"guilds_connect",{"micros":2,"calls":[]},"presence_connect",{"micros":1,"calls":[]}]}]}])
2020-03-28 20:33:13 | [INFO]    | Discordia 2.6.0
2020-03-28 20:33:13 | [INFO]    | Connecting to Discord...
2020-03-28 20:33:13 | [INFO]    | Authenticated as S.U.L.I#1602
2020-03-28 20:33:13 | [INFO]    | Launching shard 0 (1 out of 1)...
2020-03-28 20:33:14 | [INFO]    | Shard 0 : Connected to wss://gateway.discord.gg
2020-03-28 20:33:14 | [INFO]    | Shard 0 : Received HELLO (["gateway-prd-main-2t0p",{"micros":0.0}])
2020-03-28 20:33:14 | [INFO]    | Shard 0 : Received READY (["gateway-prd-main-2t0p",{"micros":68708,"calls":["discord-sessions-prd-1-54",{"micros":65472,"calls":["start_session",{"micros":63105,"calls":["api-prd-main-2h7f",{"micros":58697,"calls":["get_user",{"micros":4284},"add_authorized_ip",{"micros":2778},"get_guilds",{"micros":9086},"coros_wait",{"micros":3}]}]},"guilds_connect",{"micros":3,"calls":[]},"presence_connect",{"micros":1,"calls":[]}]}]}])
2020-03-28 20:36:21 | [INFO]    | Discordia 2.6.0
2020-03-28 20:36:21 | [INFO]    | Connecting to Discord...
2020-03-28 20:36:21 | [INFO]    | Authenticated as S.U.L.I#1602
2020-03-28 20:36:22 | [INFO]    | Launching shard 0 (1 out of 1)...
2020-03-28 20:36:22 | [INFO]    | Shard 0 : Connected to wss://gateway.discord.gg
2020-03-28 20:36:22 | [INFO]    | Shard 0 : Received HELLO (["gateway-prd-main-wxz2",{"micros":0.0}])
2020-03-28 20:36:22 | [INFO]    | Shard 0 : Received READY (["gateway-prd-main-wxz2",{"micros":53492,"calls":["discord-sessions-prd-1-56",{"micros":51269,"calls":["start_session",{"micros":47050,"calls":["api-prd-main-tvft",{"micros":40560,"calls":["get_user",{"micros":3494},"add_authorized_ip",{"micros":1664},"get_guilds",{"micros":4099},"coros_wait",{"micros":1}]}]},"guilds_connect",{"micros":2,"calls":[]},"presence_connect",{"micros":2505,"calls":[]}]}]}])
2020-03-28 20:36:55 | [INFO]    | Discordia 2.6.0
2020-03-28 20:36:55 | [INFO]    | Connecting to Discord...
2020-03-28 20:36:55 | [INFO]    | Authenticated as S.U.L.I#1602
2020-03-28 20:36:55 | [INFO]    | Launching shard 0 (1 out of 1)...
2020-03-28 20:36:56 | [INFO]    | Shard 0 : Connected to wss://gateway.discord.gg
2020-03-28 20:36:56 | [INFO]    | Shard 0 : Received HELLO (["gateway-prd-main-2q0p",{"micros":0.0}])
2020-03-28 20:36:56 | [INFO]    | Shard 0 : Received READY (["gateway-prd-main-2q0p",{"micros":42738,"calls":["discord-sessions-prd-1-77",{"micros":39438,"calls":["start_session",{"micros":36813,"calls":["api-prd-main-ms4b",{"micros":33365,"calls":["get_user",{"micros":2976},"add_authorized_ip",{"micros":2216},"get_guilds",{"micros":2411},"coros_wait",{"micros":1}]}]},"guilds_connect",{"micros":2,"calls":[]},"presence_connect",{"micros":0,"calls":[]}]}]}])
2020-03-28 20:46:29 | [INFO]    | Discordia 2.6.0
2020-03-28 20:46:29 | [INFO]    | Connecting to Discord...
2020-03-28 20:46:29 | [INFO]    | Authenticated as S.U.L.I#1602
2020-03-28 20:46:29 | [INFO]    | Launching shard 0 (1 out of 1)...
2020-03-28 20:46:30 | [INFO]    | Shard 0 : Connected to wss://gateway.discord.gg
2020-03-28 20:46:30 | [INFO]    | Shard 0 : Received HELLO (["gateway-prd-main-61c7",{"micros":0.0}])
2020-03-28 20:46:30 | [INFO]    | Shard 0 : Received READY (["gateway-prd-main-61c7",{"micros":160635,"calls":["discord-sessions-prd-1-12",{"micros":153855,"calls":["start_session",{"micros":150350,"calls":["api-prd-main-69lb",{"micros":146723,"calls":["get_user",{"micros":9120},"add_authorized_ip",{"micros":8757},"get_guilds",{"micros":10497},"coros_wait",{"micros":3}]}]},"guilds_connect",{"micros":2,"calls":[]},"presence_connect",{"micros":1,"calls":[]}]}]}])
2020-03-28 20:47:34 | [INFO]    | Discordia 2.6.0
2020-03-28 20:47:34 | [INFO]    | Connecting to Discord...
2020-03-28 20:47:34 | [INFO]    | Authenticated as S.U.L.I#1602
2020-03-28 20:47:34 | [INFO]    | Launching shard 0 (1 out of 1)...
2020-03-28 20:47:34 | [INFO]    | Shard 0 : Connected to wss://gateway.discord.gg
2020-03-28 20:47:34 | [INFO]    | Shard 0 : Received HELLO (["gateway-prd-main-k92g",{"micros":0.0}])
2020-03-28 20:47:35 | [INFO]    | Shard 0 : Received READY (["gateway-prd-main-k92g",{"micros":50602,"calls":["discord-sessions-prd-1-5",{"micros":49597,"calls":["start_session",{"micros":45497,"calls":["api-prd-main-040c",{"micros":40469,"calls":["get_user",{"micros":3241},"add_authorized_ip",{"micros":1820},"get_guilds",{"micros":4394},"coros_wait",{"micros":1}]}]},"guilds_connect",{"micros":2,"calls":[]},"presence_connect",{"micros":1,"calls":[]}]}]}])
2020-03-28 20:59:10 | [INFO]    | Discordia 2.6.0
2020-03-28 20:59:10 | [INFO]    | Connecting to Discord...
2020-03-28 20:59:11 | [INFO]    | Authenticated as S.U.L.I#1602
2020-03-28 20:59:11 | [INFO]    | Launching shard 0 (1 out of 1)...
2020-03-28 20:59:11 | [INFO]    | Shard 0 : Connected to wss://gateway.discord.gg
2020-03-28 20:59:11 | [INFO]    | Shard 0 : Received HELLO (["gateway-prd-main-5t04",{"micros":0.0}])
2020-03-28 20:59:11 | [INFO]    | Shard 0 : Received READY (["gateway-prd-main-5t04",{"micros":64536,"calls":["discord-sessions-prd-1-66",{"micros":62596,"calls":["start_session",{"micros":55898,"calls":["api-prd-main-l9jc",{"micros":49559,"calls":["get_user",{"micros":7036},"add_authorized_ip",{"micros":1736},"get_guilds",{"micros":5611},"coros_wait",{"micros":10}]}]},"guilds_connect",{"micros":8,"calls":[]},"presence_connect",{"micros":1,"calls":[]}]}]}])
2020-03-28 21:06:54 | [INFO]    | Discordia 2.6.0
2020-03-28 21:06:54 | [INFO]    | Connecting to Discord...
2020-03-28 21:06:54 | [INFO]    | Authenticated as S.U.L.I#1602
2020-03-28 21:06:54 | [INFO]    | Launching shard 0 (1 out of 1)...
2020-03-28 21:06:55 | [INFO]    | Shard 0 : Connected to wss://gateway.discord.gg
2020-03-28 21:06:55 | [INFO]    | Shard 0 : Received HELLO (["gateway-prd-main-k92g",{"micros":0.0}])
2020-03-28 21:06:55 | [INFO]    | Shard 0 : Received READY (["gateway-prd-main-k92g",{"micros":47589,"calls":["discord-sessions-prd-1-4",{"micros":46208,"calls":["start_session",{"micros":40787,"calls":["api-prd-main-15pg",{"micros":35753,"calls":["get_user",{"micros":2306},"add_authorized_ip",{"micros":2791},"get_guilds",{"micros":1861},"coros_wait",{"micros":1}]}]},"guilds_connect",{"micros":7,"calls":[]},"presence_connect",{"micros":1,"calls":[]}]}]}])
2020-03-28 21:09:33 | [INFO]    | Discordia 2.6.0
2020-03-28 21:09:33 | [INFO]    | Connecting to Discord...
2020-03-28 21:09:33 | [INFO]    | Authenticated as S.U.L.I#1602
2020-03-28 21:09:33 | [INFO]    | Launching shard 0 (1 out of 1)...
2020-03-28 21:09:34 | [INFO]    | Shard 0 : Connected to wss://gateway.discord.gg
2020-03-28 21:09:34 | [INFO]    | Shard 0 : Received HELLO (["gateway-prd-main-1l3c",{"micros":0.0}])
2020-03-28 21:09:34 | [INFO]    | Shard 0 : Received READY (["gateway-prd-main-1l3c",{"micros":70777,"calls":["discord-sessions-prd-1-12",{"micros":69251,"calls":["start_session",{"micros":63045,"calls":["api-prd-main-zsl1",{"micros":59214,"calls":["get_user",{"micros":5616},"add_authorized_ip",{"micros":1539},"get_guilds",{"micros":2846},"coros_wait",{"micros":1}]}]},"guilds_connect",{"micros":6,"calls":[]},"presence_connect",{"micros":1,"calls":[]}]}]}])
2020-03-29 02:52:00 | [INFO]    | Shard 0 : Disconnected
2020-03-29 02:52:00 | [INFO]    | Shard 0 : Reconnecting after 1037 ms...
2020-03-29 02:52:02 | [INFO]    | Shard 0 : Connected to wss://gateway.discord.gg
2020-03-29 02:52:02 | [INFO]    | Shard 0 : Received HELLO (["gateway-prd-main-mcz1",{"micros":0.0}])
2020-03-29 02:52:02 | [INFO]    | Shard 0 : Received RESUMED (["gateway-prd-main-mcz1",{"micros":4297,"calls":["discord-sessions-prd-1-12",{"micros":30}]}])
2020-03-29 13:25:31 | [INFO]    | Discordia 2.6.0
2020-03-29 13:25:31 | [INFO]    | Connecting to Discord...
2020-03-29 13:25:31 | [INFO]    | Authenticated as S.U.L.I#1602
2020-03-29 13:25:32 | [INFO]    | Launching shard 0 (1 out of 1)...
2020-03-29 13:25:32 | [INFO]    | Shard 0 : Connected to wss://gateway.discord.gg
2020-03-29 13:25:32 | [INFO]    | Shard 0 : Received HELLO (["gateway-prd-main-347h",{"micros":0.0}])
2020-03-29 13:25:32 | [INFO]    | Shard 0 : Received READY (["gateway-prd-main-347h",{"micros":102695,"calls":["discord-sessions-prd-1-23",{"micros":92372,"calls":["start_session",{"micros":78685,"calls":["api-prd-main-pdpl",{"micros":75216,"calls":["get_user",{"micros":3233},"add_authorized_ip",{"micros":2046},"get_guilds",{"micros":35761},"coros_wait",{"micros":2}]}]},"guilds_connect",{"micros":7,"calls":[]},"presence_connect",{"micros":2,"calls":[]}]}]}])
2020-03-30 01:25:59 | [INFO]    | Shard 0 : Disconnected
2020-03-30 01:25:59 | [INFO]    | Shard 0 : Reconnecting after 1084 ms...
2020-03-30 01:26:01 | [INFO]    | Shard 0 : Connected to wss://gateway.discord.gg
2020-03-30 01:26:01 | [INFO]    | Shard 0 : Received HELLO (["gateway-prd-main-8g38",{"micros":0.0}])
2020-03-30 01:26:01 | [INFO]    | Shard 0 : Received RESUMED (["gateway-prd-main-8g38",{"micros":7962,"calls":["discord-sessions-prd-1-23",{"micros":73}]}])
2020-03-30 14:07:14 | [INFO]    | Shard 0 : Disconnected
2020-03-30 14:07:21 | [INFO]    | Shard 0 : Reconnecting after 1013 ms...
2020-03-30 14:07:22 | [ERROR]   | Shard 0 : Could not connect to wss://gateway.discord.gg (EAI_NONAME)
2020-03-30 14:07:22 | [INFO]    | Shard 0 : Reconnecting after 2027 ms...
2020-03-30 14:07:24 | [ERROR]   | Shard 0 : Could not connect to wss://gateway.discord.gg (EAI_NONAME)
2020-03-30 14:07:24 | [INFO]    | Shard 0 : Reconnecting after 4363 ms...
2020-03-30 14:07:29 | [ERROR]   | Shard 0 : Could not connect to wss://gateway.discord.gg (EAI_NONAME)
2020-03-30 14:07:30 | [INFO]    | Shard 0 : Reconnecting after 8148 ms...
2020-03-30 14:07:37 | [INFO]    | Shard 0 : Connected to wss://gateway.discord.gg
2020-03-30 14:07:38 | [INFO]    | Shard 0 : Received HELLO (["gateway-prd-main-3ktd",{"micros":0.0}])
2020-03-30 14:07:38 | [INFO]    | Shard 0 : Session invalidated, re-identifying...
2020-03-30 14:07:40 | [INFO]    | Shard 0 : Received READY (["gateway-prd-main-3ktd",{"micros":48717,"calls":["discord-sessions-prd-1-55",{"micros":47560,"calls":["start_session",{"micros":40211,"calls":["api-prd-main-s6kq",{"micros":36269,"calls":["get_user",{"micros":4832},"add_authorized_ip",{"micros":1836},"get_guilds",{"micros":4773},"coros_wait",{"micros":1}]}]},"guilds_connect",{"micros":7,"calls":[]},"presence_connect",{"micros":1,"calls":[]}]}]}])
